0 info it worked if it ends with ok
1 verbose cli [ '/Users/jonphoon/.nvm/versions/node/v5.9.1/bin/node',
1 verbose cli   '/Users/jonphoon/.nvm/versions/node/v5.9.1/bin/npm',
1 verbose cli   'start' ]
2 info using npm@3.7.3
3 info using node@v5.9.1
4 verbose run-script [ 'prestart', 'start', 'poststart' ]
5 info lifecycle smartboard@1.0.0~prestart: smartboard@1.0.0
6 silly lifecycle smartboard@1.0.0~prestart: no script for prestart, continuing
7 info lifecycle smartboard@1.0.0~start: smartboard@1.0.0
8 verbose lifecycle smartboard@1.0.0~start: unsafe-perm in lifecycle true
9 verbose lifecycle smartboard@1.0.0~start: PATH: /Users/jonphoon/.nvm/versions/node/v5.9.1/lib/node_modules/npm/bin/node-gyp-bin:/Users/jonphoon/GA/projects/smartboard/node_modules/.bin:/Users/jonphoon/.nvm/versions/node/v5.9.1/bin:/Users/jonphoon/.rvm/gems/ruby-2.2.1/bin:/Users/jonphoon/.rvm/gems/ruby-2.2.1@global/bin:/Users/jonphoon/.rvm/rubies/ruby-2.2.1/bin:/Users/jonphoon/.nvm/versions/node/v5.9.1/bin:/usr/local/bin:/usr/bin:/bin:/usr/sbin:/sbin:/Users/jonphoon/.rvm/bin
10 verbose lifecycle smartboard@1.0.0~start: CWD: /Users/jonphoon/GA/projects/smartboard
11 silly lifecycle smartboard@1.0.0~start: Args: [ '-c', 'node app.js' ]
12 silly lifecycle smartboard@1.0.0~start: Returned: code: 1  signal: null
13 info lifecycle smartboard@1.0.0~start: Failed to exec start script
14 verbose stack Error: smartboard@1.0.0 start: `node app.js`
14 verbose stack Exit status 1
14 verbose stack     at EventEmitter.<anonymous> (/Users/jonphoon/.nvm/versions/node/v5.9.1/lib/node_modules/npm/lib/utils/lifecycle.js:239:16)
14 verbose stack     at emitTwo (events.js:100:13)
14 verbose stack     at EventEmitter.emit (events.js:185:7)
14 verbose stack     at ChildProcess.<anonymous> (/Users/jonphoon/.nvm/versions/node/v5.9.1/lib/node_modules/npm/lib/utils/spawn.js:24:14)
14 verbose stack     at emitTwo (events.js:100:13)
14 verbose stack     at ChildProcess.emit (events.js:185:7)
14 verbose stack     at maybeClose (internal/child_process.js:850:16)
14 verbose stack     at Process.ChildProcess._handle.onexit (internal/child_process.js:215:5)
15 verbose pkgid smartboard@1.0.0
16 verbose cwd /Users/jonphoon/GA/projects/smartboard
17 error Darwin 15.4.0
18 error argv "/Users/jonphoon/.nvm/versions/node/v5.9.1/bin/node" "/Users/jonphoon/.nvm/versions/node/v5.9.1/bin/npm" "start"
19 error node v5.9.1
20 error npm  v3.7.3
21 error code ELIFECYCLE
22 error smartboard@1.0.0 start: `node app.js`
22 error Exit status 1
23 error Failed at the smartboard@1.0.0 start script 'node app.js'.
23 error Make sure you have the latest version of node.js and npm installed.
23 error If you do, this is most likely a problem with the smartboard package,
23 error not with npm itself.
23 error Tell the author that this fails on your system:
23 error     node app.js
23 error You can get information on how to open an issue for this project with:
23 error     npm bugs smartboard
23 error Or if that isn't available, you can get their info via:
23 error     npm owner ls smartboard
23 error There is likely additional logging output above.
24 verbose exit [ 1, true ]
